
Mon Oct  8 14:54:08 GMT 2018
not work state, run as cp gnd mode, seq 0x4B
lmi42     Link encap:UNSPEC  HWaddr 00-00-00-00-00-00-00-00-00-00-00-00-00-00-00-00  
ap send to cp 0xd frame(s) data.write frame offset 0xd
cp send to ap 0x0 frame(s) data.write frame offset 0x0
cp notbusy=1 receive 0x0 frame(s) data.read frame offset 0x0
ap notbusy=1 recive 0x0 frame(s) data.read frame offset 0x0

Mon Oct  8 14:54:10 GMT 2018
not work state, run as cp gnd mode, seq 0x4F
lmi42     Link encap:UNSPEC  HWaddr 00-00-00-00-00-00-00-00-00-00-00-00-00-00-00-00  
ap send to cp 0x10 frame(s) data.write frame offset 0x10
cp send to ap 0x0 frame(s) data.write frame offset 0x0
cp notbusy=1 receive 0x0 frame(s) data.read frame offset 0x0
ap notbusy=1 recive 0x0 frame(s) data.read frame offset 0x0

Mon Oct  8 14:54:12 GMT 2018
not work state, run as cp gnd mode, seq 0x53
lmi42     Link encap:UNSPEC  HWaddr 00-00-00-00-00-00-00-00-00-00-00-00-00-00-00-00  
ap send to cp 0x12 frame(s) data.write frame offset 0x12
cp send to ap 0x0 frame(s) data.write frame offset 0x0
cp notbusy=1 receive 0x0 frame(s) data.read frame offset 0x0
ap notbusy=1 recive 0x0 frame(s) data.read frame offset 0x0
